<?xml version="1.0" encoding="UTF-8"?>
<testng-results ignored="0" total="1" passed="1" failed="0" skipped="0">
  <reporter-output>
  </reporter-output>
  <suite started-at="2022-08-11T14:24:35 IST" name="Default suite" finished-at="2022-08-11T14:24:44 IST" duration-ms="8368">
    <groups>
    </groups>
    <test started-at="2022-08-11T14:24:35 IST" name="Default test" finished-at="2022-08-11T14:24:44 IST" duration-ms="8368">
      <class name="Demotest.Login_facebook">
        <test-method is-config="true" signature="BM()[pri:0, instance:Demotest.Login_facebook@2dde1bff]" started-at="2022-08-11T14:24:35 IST" name="BM" finished-at="2022-08-11T14:24:43 IST" duration-ms="7762" status="PASS">
          <reporter-output>
          </reporter-output>
        </test-method> <!-- BM -->
        <test-method signature="Login2()[pri:0, instance:Demotest.Login_facebook@2dde1bff]" started-at="2022-08-11T14:24:43 IST" name="Login2" finished-at="2022-08-11T14:24:43 IST" duration-ms="344" status="PASS">
          <reporter-output>
          </reporter-output>
        </test-method> <!-- Login2 -->
        <test-method is-config="true" signature="AM()[pri:0, instance:Demotest.Login_facebook@2dde1bff]" started-at="2022-08-11T14:24:43 IST" name="AM" finished-at="2022-08-11T14:24:44 IST" duration-ms="210" status="PASS">
          <reporter-output>
          </reporter-output>
        </test-method> <!-- AM -->
      </class> <!-- Demotest.Login_facebook -->
    </test> <!-- Default test -->
  </suite> <!-- Default suite -->
</testng-results>
